Build started 9/16/2015 3:06:22 PM.
     1>Project "D:\Work\Graphics\Summer 2015\exam - vase\exam\exam.vcxproj" on node 2 (build target(s)).
     1>InitializeBuildStatus:
         Creating "Debug\exam.unsuccessfulbuild" because "AlwaysCreate" was specified.
       ClCompile:
         C:\Program Files (x86)\Microsoft Visual Studio 10.0\VC\bin\CL.exe /c /ZI /nologo /W3 /WX- /Od /Oy- /D WIN32 /D _DEBUG /D _CONSOLE /D _UNICODE /D UNICODE /Gm /EHsc /RTC1 /MDd /GS /fp:precise /Zc:wchar_t /Zc:forScope /Fo"Debug\\" /Fd"Debug\vc100.pdb" /Gd /TP /analyze- /errorReport:prompt exam.cpp
         exam.cpp
     1>d:\work\graphics\summer 2015\exam - vase\exam\exam.cpp(15): warning C4305: 'argument' : truncation from 'double' to 'GLclampf'
     1>d:\work\graphics\summer 2015\exam - vase\exam\exam.cpp(15): warning C4305: 'argument' : truncation from 'double' to 'GLclampf'
     1>d:\work\graphics\summer 2015\exam - vase\exam\exam.cpp(15): warning C4305: 'argument' : truncation from 'double' to 'GLclampf'
       ManifestResourceCompile:
         All outputs are up-to-date.
       Link:
         C:\Program Files (x86)\Microsoft Visual Studio 10.0\VC\bin\link.exe /ERRORREPORT:PROMPT /OUT:"D:\Work\Graphics\Summer 2015\exam - vase\Debug\exam.exe" /INCREMENTAL /NOLOGO kernel32.lib user32.lib gdi32.lib winspool.lib comdlg32.lib advapi32.lib shell32.lib ole32.lib oleaut32.lib uuid.lib odbc32.lib odbccp32.lib opengl32.lib glu32.lib glut.lib /MANIFEST /ManifestFile:"Debug\exam.exe.intermediate.manifest" /MANIFESTUAC:"level='asInvoker' uiAccess='false'" /DEBUG /PDB:"D:\Work\Graphics\Summer 2015\exam - vase\Debug\exam.pdb" /SUBSYSTEM:CONSOLE /TLBID:1 /DYNAMICBASE /NXCOMPAT /IMPLIB:"D:\Work\Graphics\Summer 2015\exam - vase\Debug\exam.lib" /MACHINE:X86 Debug\exam.exe.embed.manifest.res
         Debug\exam.obj
       Manifest:
         C:\Program Files (x86)\Microsoft SDKs\Windows\v7.0A\bin\mt.exe /nologo /verbose /out:"Debug\exam.exe.embed.manifest" /manifest Debug\exam.exe.intermediate.manifest
         All outputs are up-to-date.
       LinkEmbedManifest:
         All outputs are up-to-date.
         exam.vcxproj -> D:\Work\Graphics\Summer 2015\exam - vase\Debug\exam.exe
       FinalizeBuildStatus:
         Deleting file "Debug\exam.unsuccessfulbuild".
         Touching "Debug\exam.lastbuildstate".
     1>Done Building Project "D:\Work\Graphics\Summer 2015\exam - vase\exam\exam.vcxproj" (build target(s)).

Build succeeded.

Time Elapsed 00:00:03.42
